{"C:\\bootcamp\\phase 2\\WEEK 3\\SENIN\\ip-rbbysptr\\server\\app.js": {"path":"C:\\bootcamp\\phase 2\\WEEK 3\\SENIN\\ip-rbbysptr\\server\\app.js","statementMap":{"0":{"start":{"line":4,"column":13},"end":{"line":4,"column":17}},"1":{"start":{"line":5,"column":16},"end":{"line":5,"column":34}},"2":{"start":{"line":6,"column":12},"end":{"line":6,"column":21}},"3":{"start":{"line":7,"column":15},"end":{"line":7,"column":40}},"4":{"start":{"line":8,"column":13},"end":{"line":8,"column":28}},"5":{"start":{"line":11,"column":0},"end":{"line":11,"column":49}},"6":{"start":{"line":12,"column":0},"end":{"line":12,"column":24}},"7":{"start":{"line":13,"column":0},"end":{"line":13,"column":16}},"8":{"start":{"line":14,"column":0},"end":{"line":14,"column":16}},"9":{"start":{"line":18,"column":0},"end":{"line":20,"column":2}},"10":{"start":{"line":19,"column":4},"end":{"line":19,"column":50}}},"fnMap":{"0":{"name":"(anonymous_0)","decl":{"start":{"line":18,"column":17},"end":{"line":18,"column":18}},"loc":{"start":{"line":18,"column":23},"end":{"line":20,"column":1}},"line":18}},"branchMap":{},"s":{"0":3,"1":3,"2":3,"3":3,"4":3,"5":3,"6":3,"7":3,"8":3,"9":3,"10":1},"f":{"0":1},"b":{},"_coverageSchema":"1a1c01bbd47fc00a2c39e90264f33305004495a9","hash":"ffc7d7ce5f2e8a4e70cc32bbb165d568b729c854"}
,"C:\\bootcamp\\phase 2\\WEEK 3\\SENIN\\ip-rbbysptr\\server\\controllers\\Cart.js": {"path":"C:\\bootcamp\\phase 2\\WEEK 3\\SENIN\\ip-rbbysptr\\server\\controllers\\Cart.js","statementMap":{"0":{"start":{"line":1,"column":17},"end":{"line":1,"column":37}},"1":{"start":{"line":2,"column":0},"end":{"line":2,"column":27}},"2":{"start":{"line":6,"column":8},"end":{"line":35,"column":9}},"3":{"start":{"line":7,"column":29},"end":{"line":7,"column":37}},"4":{"start":{"line":9,"column":12},"end":{"line":11,"column":13}},"5":{"start":{"line":10,"column":16},"end":{"line":10,"column":76}},"6":{"start":{"line":12,"column":33},"end":{"line":12,"column":104}},"7":{"start":{"line":13,"column":12},"end":{"line":15,"column":13}},"8":{"start":{"line":14,"column":16},"end":{"line":14,"column":101}},"9":{"start":{"line":16,"column":12},"end":{"line":30,"column":15}},"10":{"start":{"line":32,"column":12},"end":{"line":32,"column":98}},"11":{"start":{"line":34,"column":12},"end":{"line":34,"column":23}},"12":{"start":{"line":39,"column":8},"end":{"line":65,"column":9}},"13":{"start":{"line":40,"column":138},"end":{"line":40,"column":146}},"14":{"start":{"line":41,"column":29},"end":{"line":41,"column":63}},"15":{"start":{"line":42,"column":12},"end":{"line":44,"column":13}},"16":{"start":{"line":43,"column":16},"end":{"line":43,"column":83}},"17":{"start":{"line":45,"column":12},"end":{"line":60,"column":15}},"18":{"start":{"line":62,"column":12},"end":{"line":62,"column":82}},"19":{"start":{"line":64,"column":12},"end":{"line":64,"column":23}},"20":{"start":{"line":68,"column":8},"end":{"line":77,"column":9}},"21":{"start":{"line":69,"column":29},"end":{"line":69,"column":63}},"22":{"start":{"line":70,"column":12},"end":{"line":72,"column":13}},"23":{"start":{"line":71,"column":16},"end":{"line":71,"column":75}},"24":{"start":{"line":73,"column":12},"end":{"line":73,"column":65}},"25":{"start":{"line":74,"column":12},"end":{"line":74,"column":90}},"26":{"start":{"line":76,"column":11},"end":{"line":76,"column":22}},"27":{"start":{"line":82,"column":8},"end":{"line":87,"column":9}},"28":{"start":{"line":83,"column":25},"end":{"line":83,"column":45}},"29":{"start":{"line":84,"column":12},"end":{"line":84,"column":39}},"30":{"start":{"line":86,"column":12},"end":{"line":86,"column":24}},"31":{"start":{"line":90,"column":8},"end":{"line":99,"column":9}},"32":{"start":{"line":91,"column":23},"end":{"line":91,"column":75}},"33":{"start":{"line":92,"column":12},"end":{"line":94,"column":13}},"34":{"start":{"line":93,"column":16},"end":{"line":93,"column":73}},"35":{"start":{"line":95,"column":12},"end":{"line":95,"column":46}},"36":{"start":{"line":97,"column":12},"end":{"line":97,"column":31}},"37":{"start":{"line":98,"column":12},"end":{"line":98,"column":76}},"38":{"start":{"line":103,"column":0},"end":{"line":103,"column":32}}},"fnMap":{"0":{"name":"(anonymous_0)","decl":{"start":{"line":5,"column":4},"end":{"line":5,"column":5}},"loc":{"start":{"line":5,"column":41},"end":{"line":36,"column":5}},"line":5},"1":{"name":"(anonymous_1)","decl":{"start":{"line":38,"column":4},"end":{"line":38,"column":5}},"loc":{"start":{"line":38,"column":44},"end":{"line":66,"column":5}},"line":38},"2":{"name":"(anonymous_2)","decl":{"start":{"line":67,"column":4},"end":{"line":67,"column":5}},"loc":{"start":{"line":67,"column":44},"end":{"line":78,"column":5}},"line":67},"3":{"name":"(anonymous_3)","decl":{"start":{"line":81,"column":4},"end":{"line":81,"column":5}},"loc":{"start":{"line":81,"column":41},"end":{"line":88,"column":5}},"line":81},"4":{"name":"(anonymous_4)","decl":{"start":{"line":89,"column":4},"end":{"line":89,"column":5}},"loc":{"start":{"line":89,"column":45},"end":{"line":100,"column":5}},"line":89}},"branchMap":{"0":{"loc":{"start":{"line":9,"column":12},"end":{"line":11,"column":13}},"type":"if","locations":[{"start":{"line":9,"column":12},"end":{"line":11,"column":13}},{"start":{},"end":{}}],"line":9},"1":{"loc":{"start":{"line":9,"column":16},"end":{"line":9,"column":41}},"type":"binary-expr","locations":[{"start":{"line":9,"column":16},"end":{"line":9,"column":25}},{"start":{"line":9,"column":29},"end":{"line":9,"column":41}}],"line":9},"2":{"loc":{"start":{"line":13,"column":12},"end":{"line":15,"column":13}},"type":"if","locations":[{"start":{"line":13,"column":12},"end":{"line":15,"column":13}},{"start":{},"end":{}}],"line":13},"3":{"loc":{"start":{"line":42,"column":12},"end":{"line":44,"column":13}},"type":"if","locations":[{"start":{"line":42,"column":12},"end":{"line":44,"column":13}},{"start":{},"end":{}}],"line":42},"4":{"loc":{"start":{"line":70,"column":12},"end":{"line":72,"column":13}},"type":"if","locations":[{"start":{"line":70,"column":12},"end":{"line":72,"column":13}},{"start":{},"end":{}}],"line":70},"5":{"loc":{"start":{"line":92,"column":12},"end":{"line":94,"column":13}},"type":"if","locations":[{"start":{"line":92,"column":12},"end":{"line":94,"column":13}},{"start":{},"end":{}}],"line":92}},"s":{"0":3,"1":3,"2":0,"3":0,"4":0,"5":0,"6":0,"7":0,"8":0,"9":0,"10":0,"11":0,"12":0,"13":0,"14":0,"15":0,"16":0,"17":0,"18":0,"19":0,"20":0,"21":0,"22":0,"23":0,"24":0,"25":0,"26":0,"27":0,"28":0,"29":0,"30":0,"31":0,"32":0,"33":0,"34":0,"35":0,"36":0,"37":0,"38":3},"f":{"0":0,"1":0,"2":0,"3":0,"4":0},"b":{"0":[0,0],"1":[0,0],"2":[0,0],"3":[0,0],"4":[0,0],"5":[0,0]},"_coverageSchema":"1a1c01bbd47fc00a2c39e90264f33305004495a9","hash":"bf5c211aef55965f1104f868ea31fd49c2c1434a"}
,"C:\\bootcamp\\phase 2\\WEEK 3\\SENIN\\ip-rbbysptr\\server\\controllers\\Coin.js": {"path":"C:\\bootcamp\\phase 2\\WEEK 3\\SENIN\\ip-rbbysptr\\server\\controllers\\Coin.js","statementMap":{"0":{"start":{"line":1,"column":17},"end":{"line":1,"column":37}},"1":{"start":{"line":4,"column":8},"end":{"line":33,"column":9}},"2":{"start":{"line":5,"column":29},"end":{"line":5,"column":37}},"3":{"start":{"line":7,"column":12},"end":{"line":9,"column":13}},"4":{"start":{"line":8,"column":16},"end":{"line":8,"column":76}},"5":{"start":{"line":10,"column":33},"end":{"line":10,"column":104}},"6":{"start":{"line":11,"column":12},"end":{"line":13,"column":13}},"7":{"start":{"line":12,"column":16},"end":{"line":12,"column":99}},"8":{"start":{"line":14,"column":12},"end":{"line":28,"column":15}},"9":{"start":{"line":30,"column":12},"end":{"line":30,"column":96}},"10":{"start":{"line":32,"column":12},"end":{"line":32,"column":23}},"11":{"start":{"line":36,"column":8},"end":{"line":47,"column":9}},"12":{"start":{"line":37,"column":27},"end":{"line":37,"column":37}},"13":{"start":{"line":39,"column":29},"end":{"line":39,"column":52}},"14":{"start":{"line":40,"column":12},"end":{"line":42,"column":13}},"15":{"start":{"line":41,"column":16},"end":{"line":41,"column":73}},"16":{"start":{"line":43,"column":12},"end":{"line":43,"column":54}},"17":{"start":{"line":44,"column":12},"end":{"line":44,"column":90}},"18":{"start":{"line":46,"column":12},"end":{"line":46,"column":23}},"19":{"start":{"line":50,"column":8},"end":{"line":55,"column":9}},"20":{"start":{"line":51,"column":26},"end":{"line":51,"column":80}},"21":{"start":{"line":52,"column":12},"end":{"line":52,"column":40}},"22":{"start":{"line":54,"column":12},"end":{"line":54,"column":24}},"23":{"start":{"line":60,"column":0},"end":{"line":60,"column":32}}},"fnMap":{"0":{"name":"(anonymous_0)","decl":{"start":{"line":3,"column":4},"end":{"line":3,"column":5}},"loc":{"start":{"line":3,"column":41},"end":{"line":34,"column":5}},"line":3},"1":{"name":"(anonymous_1)","decl":{"start":{"line":35,"column":4},"end":{"line":35,"column":5}},"loc":{"start":{"line":35,"column":44},"end":{"line":48,"column":5}},"line":35},"2":{"name":"(anonymous_2)","decl":{"start":{"line":49,"column":4},"end":{"line":49,"column":5}},"loc":{"start":{"line":49,"column":41},"end":{"line":56,"column":5}},"line":49}},"branchMap":{"0":{"loc":{"start":{"line":7,"column":12},"end":{"line":9,"column":13}},"type":"if","locations":[{"start":{"line":7,"column":12},"end":{"line":9,"column":13}},{"start":{},"end":{}}],"line":7},"1":{"loc":{"start":{"line":7,"column":16},"end":{"line":7,"column":41}},"type":"binary-expr","locations":[{"start":{"line":7,"column":16},"end":{"line":7,"column":25}},{"start":{"line":7,"column":29},"end":{"line":7,"column":41}}],"line":7},"2":{"loc":{"start":{"line":11,"column":12},"end":{"line":13,"column":13}},"type":"if","locations":[{"start":{"line":11,"column":12},"end":{"line":13,"column":13}},{"start":{},"end":{}}],"line":11},"3":{"loc":{"start":{"line":40,"column":12},"end":{"line":42,"column":13}},"type":"if","locations":[{"start":{"line":40,"column":12},"end":{"line":42,"column":13}},{"start":{},"end":{}}],"line":40}},"s":{"0":3,"1":0,"2":0,"3":0,"4":0,"5":0,"6":0,"7":0,"8":0,"9":0,"10":0,"11":0,"12":0,"13":0,"14":0,"15":0,"16":0,"17":0,"18":0,"19":0,"20":0,"21":0,"22":0,"23":3},"f":{"0":0,"1":0,"2":0},"b":{"0":[0,0],"1":[0,0],"2":[0,0],"3":[0,0]},"_coverageSchema":"1a1c01bbd47fc00a2c39e90264f33305004495a9","hash":"d2692cee25824c4eff4c72a8c7546214f6f92fa6"}
,"C:\\bootcamp\\phase 2\\WEEK 3\\SENIN\\ip-rbbysptr\\server\\controllers\\User.js": {"path":"C:\\bootcamp\\phase 2\\WEEK 3\\SENIN\\ip-rbbysptr\\server\\controllers\\User.js","statementMap":{"0":{"start":{"line":1,"column":28},"end":{"line":1,"column":58}},"1":{"start":{"line":2,"column":22},"end":{"line":2,"column":47}},"2":{"start":{"line":3,"column":17},"end":{"line":3,"column":37}},"3":{"start":{"line":4,"column":14},"end":{"line":4,"column":30}},"4":{"start":{"line":5,"column":0},"end":{"line":5,"column":27}},"5":{"start":{"line":6,"column":25},"end":{"line":6,"column":55}},"6":{"start":{"line":7,"column":15},"end":{"line":7,"column":33}},"7":{"start":{"line":8,"column":18},"end":{"line":8,"column":40}},"8":{"start":{"line":9,"column":22},"end":{"line":9,"column":64}},"9":{"start":{"line":15,"column":8},"end":{"line":25,"column":9}},"10":{"start":{"line":16,"column":50},"end":{"line":16,"column":58}},"11":{"start":{"line":17,"column":25},"end":{"line":21,"column":14}},"12":{"start":{"line":22,"column":12},"end":{"line":22,"column":81}},"13":{"start":{"line":24,"column":12},"end":{"line":24,"column":24}},"14":{"start":{"line":28,"column":8},"end":{"line":45,"column":9}},"15":{"start":{"line":29,"column":40},"end":{"line":29,"column":48}},"16":{"start":{"line":30,"column":12},"end":{"line":30,"column":81}},"17":{"start":{"line":30,"column":24},"end":{"line":30,"column":81}},"18":{"start":{"line":31,"column":12},"end":{"line":32,"column":76}},"19":{"start":{"line":32,"column":16},"end":{"line":32,"column":76}},"20":{"start":{"line":33,"column":25},"end":{"line":33,"column":65}},"21":{"start":{"line":34,"column":12},"end":{"line":36,"column":13}},"22":{"start":{"line":35,"column":16},"end":{"line":35,"column":78}},"23":{"start":{"line":37,"column":34},"end":{"line":37,"column":74}},"24":{"start":{"line":39,"column":12},"end":{"line":40,"column":78}},"25":{"start":{"line":40,"column":16},"end":{"line":40,"column":78}},"26":{"start":{"line":41,"column":33},"end":{"line":41,"column":59}},"27":{"start":{"line":42,"column":12},"end":{"line":42,"column":58}},"28":{"start":{"line":44,"column":12},"end":{"line":44,"column":24}},"29":{"start":{"line":48,"column":8},"end":{"line":68,"column":9}},"30":{"start":{"line":49,"column":37},"end":{"line":49,"column":48}},"31":{"start":{"line":50,"column":27},"end":{"line":53,"column":14}},"32":{"start":{"line":54,"column":28},"end":{"line":54,"column":47}},"33":{"start":{"line":55,"column":36},"end":{"line":62,"column":14}},"34":{"start":{"line":63,"column":33},"end":{"line":63,"column":76}},"35":{"start":{"line":64,"column":12},"end":{"line":64,"column":89}},"36":{"start":{"line":66,"column":12},"end":{"line":66,"column":24}},"37":{"start":{"line":71,"column":8},"end":{"line":108,"column":9}},"38":{"start":{"line":72,"column":12},"end":{"line":72,"column":27}},"39":{"start":{"line":74,"column":27},"end":{"line":74,"column":137}},"40":{"start":{"line":76,"column":29},"end":{"line":82,"column":14}},"41":{"start":{"line":83,"column":26},"end":{"line":89,"column":14}},"42":{"start":{"line":91,"column":12},"end":{"line":91,"column":33}},"43":{"start":{"line":92,"column":36},"end":{"line":99,"column":14}},"44":{"start":{"line":101,"column":26},"end":{"line":103,"column":14}},"45":{"start":{"line":104,"column":12},"end":{"line":104,"column":88}},"46":{"start":{"line":107,"column":12},"end":{"line":107,"column":24}},"47":{"start":{"line":112,"column":0},"end":{"line":112,"column":32}}},"fnMap":{"0":{"name":"(anonymous_0)","decl":{"start":{"line":14,"column":4},"end":{"line":14,"column":5}},"loc":{"start":{"line":14,"column":42},"end":{"line":26,"column":5}},"line":14},"1":{"name":"(anonymous_1)","decl":{"start":{"line":27,"column":4},"end":{"line":27,"column":5}},"loc":{"start":{"line":27,"column":39},"end":{"line":46,"column":5}},"line":27},"2":{"name":"(anonymous_2)","decl":{"start":{"line":47,"column":4},"end":{"line":47,"column":5}},"loc":{"start":{"line":47,"column":45},"end":{"line":69,"column":5}},"line":47},"3":{"name":"(anonymous_3)","decl":{"start":{"line":70,"column":4},"end":{"line":70,"column":5}},"loc":{"start":{"line":70,"column":45},"end":{"line":109,"column":5}},"line":70}},"branchMap":{"0":{"loc":{"start":{"line":30,"column":12},"end":{"line":30,"column":81}},"type":"if","locations":[{"start":{"line":30,"column":12},"end":{"line":30,"column":81}},{"start":{},"end":{}}],"line":30},"1":{"loc":{"start":{"line":31,"column":12},"end":{"line":32,"column":76}},"type":"if","locations":[{"start":{"line":31,"column":12},"end":{"line":32,"column":76}},{"start":{},"end":{}}],"line":31},"2":{"loc":{"start":{"line":34,"column":12},"end":{"line":36,"column":13}},"type":"if","locations":[{"start":{"line":34,"column":12},"end":{"line":36,"column":13}},{"start":{},"end":{}}],"line":34},"3":{"loc":{"start":{"line":39,"column":12},"end":{"line":40,"column":78}},"type":"if","locations":[{"start":{"line":39,"column":12},"end":{"line":40,"column":78}},{"start":{},"end":{}}],"line":39}},"s":{"0":3,"1":3,"2":3,"3":3,"4":3,"5":3,"6":3,"7":3,"8":3,"9":0,"10":0,"11":0,"12":0,"13":0,"14":0,"15":0,"16":0,"17":0,"18":0,"19":0,"20":0,"21":0,"22":0,"23":0,"24":0,"25":0,"26":0,"27":0,"28":0,"29":0,"30":0,"31":0,"32":0,"33":0,"34":0,"35":0,"36":0,"37":0,"38":0,"39":0,"40":0,"41":0,"42":0,"43":0,"44":0,"45":0,"46":0,"47":3},"f":{"0":0,"1":0,"2":0,"3":0},"b":{"0":[0,0],"1":[0,0],"2":[0,0],"3":[0,0]},"_coverageSchema":"1a1c01bbd47fc00a2c39e90264f33305004495a9","hash":"6aecaa73f0f461da7e63eb72db7812aed49ccf27"}
,"C:\\bootcamp\\phase 2\\WEEK 3\\SENIN\\ip-rbbysptr\\server\\helpers\\bcryptjs.js": {"path":"C:\\bootcamp\\phase 2\\WEEK 3\\SENIN\\ip-rbbysptr\\server\\helpers\\bcryptjs.js","statementMap":{"0":{"start":{"line":1,"column":15},"end":{"line":1,"column":34}},"1":{"start":{"line":3,"column":21},"end":{"line":6,"column":1}},"2":{"start":{"line":4,"column":17},"end":{"line":4,"column":39}},"3":{"start":{"line":5,"column":4},"end":{"line":5,"column":43}},"4":{"start":{"line":8,"column":24},"end":{"line":10,"column":1}},"5":{"start":{"line":9,"column":4},"end":{"line":9,"column":56}},"6":{"start":{"line":12,"column":0},"end":{"line":15,"column":2}}},"fnMap":{"0":{"name":"(anonymous_0)","decl":{"start":{"line":3,"column":21},"end":{"line":3,"column":22}},"loc":{"start":{"line":3,"column":35},"end":{"line":6,"column":1}},"line":3},"1":{"name":"(anonymous_1)","decl":{"start":{"line":8,"column":24},"end":{"line":8,"column":25}},"loc":{"start":{"line":8,"column":54},"end":{"line":10,"column":1}},"line":8}},"branchMap":{},"s":{"0":3,"1":3,"2":4,"3":4,"4":3,"5":0,"6":3},"f":{"0":4,"1":0},"b":{},"_coverageSchema":"1a1c01bbd47fc00a2c39e90264f33305004495a9","hash":"b5dd3968a1832c82d4c2705bcfcb39e7bd90f711"}
,"C:\\bootcamp\\phase 2\\WEEK 3\\SENIN\\ip-rbbysptr\\server\\helpers\\jwt.js": {"path":"C:\\bootcamp\\phase 2\\WEEK 3\\SENIN\\ip-rbbysptr\\server\\helpers\\jwt.js","statementMap":{"0":{"start":{"line":1,"column":12},"end":{"line":1,"column":35}},"1":{"start":{"line":2,"column":0},"end":{"line":2,"column":27}},"2":{"start":{"line":3,"column":15},"end":{"line":3,"column":37}},"3":{"start":{"line":6,"column":4},"end":{"line":6,"column":34}},"4":{"start":{"line":10,"column":4},"end":{"line":10,"column":37}},"5":{"start":{"line":12,"column":0},"end":{"line":12,"column":44}}},"fnMap":{"0":{"name":"signToken","decl":{"start":{"line":5,"column":9},"end":{"line":5,"column":18}},"loc":{"start":{"line":5,"column":25},"end":{"line":7,"column":1}},"line":5},"1":{"name":"verifyToken","decl":{"start":{"line":9,"column":9},"end":{"line":9,"column":20}},"loc":{"start":{"line":9,"column":28},"end":{"line":11,"column":1}},"line":9}},"branchMap":{},"s":{"0":3,"1":3,"2":3,"3":0,"4":0,"5":3},"f":{"0":0,"1":0},"b":{},"_coverageSchema":"1a1c01bbd47fc00a2c39e90264f33305004495a9","hash":"848885c2c6c833d7f544119e4826ef4eb53249ae"}
,"C:\\bootcamp\\phase 2\\WEEK 3\\SENIN\\ip-rbbysptr\\server\\middleware\\authCoinOwner.js": {"path":"C:\\bootcamp\\phase 2\\WEEK 3\\SENIN\\ip-rbbysptr\\server\\middleware\\authCoinOwner.js","statementMap":{"0":{"start":{"line":1,"column":17},"end":{"line":1,"column":37}},"1":{"start":{"line":3,"column":22},"end":{"line":14,"column":1}},"2":{"start":{"line":4,"column":4},"end":{"line":13,"column":5}},"3":{"start":{"line":5,"column":22},"end":{"line":5,"column":76}},"4":{"start":{"line":7,"column":8},"end":{"line":9,"column":9}},"5":{"start":{"line":8,"column":12},"end":{"line":8,"column":97}},"6":{"start":{"line":10,"column":8},"end":{"line":10,"column":15}},"7":{"start":{"line":12,"column":8},"end":{"line":12,"column":20}},"8":{"start":{"line":16,"column":0},"end":{"line":16,"column":31}}},"fnMap":{"0":{"name":"(anonymous_0)","decl":{"start":{"line":3,"column":22},"end":{"line":3,"column":23}},"loc":{"start":{"line":3,"column":48},"end":{"line":14,"column":1}},"line":3}},"branchMap":{"0":{"loc":{"start":{"line":7,"column":8},"end":{"line":9,"column":9}},"type":"if","locations":[{"start":{"line":7,"column":8},"end":{"line":9,"column":9}},{"start":{},"end":{}}],"line":7},"1":{"loc":{"start":{"line":7,"column":12},"end":{"line":7,"column":40}},"type":"binary-expr","locations":[{"start":{"line":7,"column":12},"end":{"line":7,"column":18}},{"start":{"line":7,"column":22},"end":{"line":7,"column":40}}],"line":7}},"s":{"0":3,"1":3,"2":0,"3":0,"4":0,"5":0,"6":0,"7":0,"8":3},"f":{"0":0},"b":{"0":[0,0],"1":[0,0]},"_coverageSchema":"1a1c01bbd47fc00a2c39e90264f33305004495a9","hash":"e2d050c20bc99939697a89ac877a749b1a2994ba"}
,"C:\\bootcamp\\phase 2\\WEEK 3\\SENIN\\ip-rbbysptr\\server\\middleware\\authentication.js": {"path":"C:\\bootcamp\\phase 2\\WEEK 3\\SENIN\\ip-rbbysptr\\server\\middleware\\authentication.js","statementMap":{"0":{"start":{"line":1,"column":24},"end":{"line":1,"column":49}},"1":{"start":{"line":2,"column":17},"end":{"line":2,"column":37}},"2":{"start":{"line":4,"column":23},"end":{"line":21,"column":1}},"3":{"start":{"line":5,"column":23},"end":{"line":5,"column":48}},"4":{"start":{"line":6,"column":4},"end":{"line":20,"column":5}},"5":{"start":{"line":7,"column":8},"end":{"line":7,"column":59}},"6":{"start":{"line":7,"column":27},"end":{"line":7,"column":59}},"7":{"start":{"line":8,"column":30},"end":{"line":8,"column":53}},"8":{"start":{"line":9,"column":8},"end":{"line":9,"column":65}},"9":{"start":{"line":9,"column":33},"end":{"line":9,"column":65}},"10":{"start":{"line":10,"column":22},"end":{"line":10,"column":40}},"11":{"start":{"line":11,"column":19},"end":{"line":11,"column":50}},"12":{"start":{"line":12,"column":8},"end":{"line":12,"column":51}},"13":{"start":{"line":12,"column":19},"end":{"line":12,"column":51}},"14":{"start":{"line":13,"column":8},"end":{"line":16,"column":10}},"15":{"start":{"line":17,"column":8},"end":{"line":17,"column":15}},"16":{"start":{"line":19,"column":8},"end":{"line":19,"column":19}},"17":{"start":{"line":22,"column":0},"end":{"line":22,"column":32}}},"fnMap":{"0":{"name":"(anonymous_0)","decl":{"start":{"line":4,"column":23},"end":{"line":4,"column":24}},"loc":{"start":{"line":4,"column":48},"end":{"line":21,"column":1}},"line":4}},"branchMap":{"0":{"loc":{"start":{"line":7,"column":8},"end":{"line":7,"column":59}},"type":"if","locations":[{"start":{"line":7,"column":8},"end":{"line":7,"column":59}},{"start":{},"end":{}}],"line":7},"1":{"loc":{"start":{"line":9,"column":8},"end":{"line":9,"column":65}},"type":"if","locations":[{"start":{"line":9,"column":8},"end":{"line":9,"column":65}},{"start":{},"end":{}}],"line":9},"2":{"loc":{"start":{"line":12,"column":8},"end":{"line":12,"column":51}},"type":"if","locations":[{"start":{"line":12,"column":8},"end":{"line":12,"column":51}},{"start":{},"end":{}}],"line":12}},"s":{"0":3,"1":3,"2":3,"3":0,"4":0,"5":0,"6":0,"7":0,"8":0,"9":0,"10":0,"11":0,"12":0,"13":0,"14":0,"15":0,"16":0,"17":3},"f":{"0":0},"b":{"0":[0,0],"1":[0,0],"2":[0,0]},"_coverageSchema":"1a1c01bbd47fc00a2c39e90264f33305004495a9","hash":"03b5b5044ddb344d9ae7f62ffe288ed6d52a80f2"}
,"C:\\bootcamp\\phase 2\\WEEK 3\\SENIN\\ip-rbbysptr\\server\\middleware\\authorization-cart.js": {"path":"C:\\bootcamp\\phase 2\\WEEK 3\\SENIN\\ip-rbbysptr\\server\\middleware\\authorization-cart.js","statementMap":{"0":{"start":{"line":1,"column":29},"end":{"line":1,"column":49}},"1":{"start":{"line":3,"column":26},"end":{"line":25,"column":1}},"2":{"start":{"line":4,"column":4},"end":{"line":24,"column":5}},"3":{"start":{"line":5,"column":23},"end":{"line":5,"column":33}},"4":{"start":{"line":6,"column":8},"end":{"line":6,"column":24}},"5":{"start":{"line":7,"column":23},"end":{"line":7,"column":34}},"6":{"start":{"line":8,"column":25},"end":{"line":8,"column":48}},"7":{"start":{"line":10,"column":8},"end":{"line":12,"column":9}},"8":{"start":{"line":11,"column":12},"end":{"line":11,"column":70}},"9":{"start":{"line":14,"column":8},"end":{"line":19,"column":9}},"10":{"start":{"line":15,"column":12},"end":{"line":18,"column":14}},"11":{"start":{"line":20,"column":8},"end":{"line":20,"column":32}},"12":{"start":{"line":21,"column":8},"end":{"line":21,"column":15}},"13":{"start":{"line":23,"column":8},"end":{"line":23,"column":20}},"14":{"start":{"line":26,"column":0},"end":{"line":26,"column":35}}},"fnMap":{"0":{"name":"(anonymous_0)","decl":{"start":{"line":3,"column":26},"end":{"line":3,"column":27}},"loc":{"start":{"line":3,"column":52},"end":{"line":25,"column":1}},"line":3}},"branchMap":{"0":{"loc":{"start":{"line":10,"column":8},"end":{"line":12,"column":9}},"type":"if","locations":[{"start":{"line":10,"column":8},"end":{"line":12,"column":9}},{"start":{},"end":{}}],"line":10},"1":{"loc":{"start":{"line":14,"column":8},"end":{"line":19,"column":9}},"type":"if","locations":[{"start":{"line":14,"column":8},"end":{"line":19,"column":9}},{"start":{},"end":{}}],"line":14}},"s":{"0":3,"1":3,"2":0,"3":0,"4":0,"5":0,"6":0,"7":0,"8":0,"9":0,"10":0,"11":0,"12":0,"13":0,"14":3},"f":{"0":0},"b":{"0":[0,0],"1":[0,0]},"_coverageSchema":"1a1c01bbd47fc00a2c39e90264f33305004495a9","hash":"4ebdd70130a8f3ff851ff8fbc2104e6c8f2b9056"}
,"C:\\bootcamp\\phase 2\\WEEK 3\\SENIN\\ip-rbbysptr\\server\\middleware\\authorization-coin.js": {"path":"C:\\bootcamp\\phase 2\\WEEK 3\\SENIN\\ip-rbbysptr\\server\\middleware\\authorization-coin.js","statementMap":{"0":{"start":{"line":1,"column":17},"end":{"line":1,"column":37}},"1":{"start":{"line":3,"column":26},"end":{"line":25,"column":1}},"2":{"start":{"line":4,"column":4},"end":{"line":24,"column":5}},"3":{"start":{"line":5,"column":23},"end":{"line":5,"column":33}},"4":{"start":{"line":6,"column":23},"end":{"line":6,"column":34}},"5":{"start":{"line":8,"column":25},"end":{"line":8,"column":48}},"6":{"start":{"line":11,"column":8},"end":{"line":13,"column":9}},"7":{"start":{"line":12,"column":12},"end":{"line":12,"column":62}},"8":{"start":{"line":14,"column":8},"end":{"line":19,"column":9}},"9":{"start":{"line":15,"column":12},"end":{"line":18,"column":14}},"10":{"start":{"line":20,"column":8},"end":{"line":20,"column":28}},"11":{"start":{"line":21,"column":8},"end":{"line":21,"column":15}},"12":{"start":{"line":23,"column":8},"end":{"line":23,"column":20}},"13":{"start":{"line":26,"column":0},"end":{"line":26,"column":35}}},"fnMap":{"0":{"name":"(anonymous_0)","decl":{"start":{"line":3,"column":26},"end":{"line":3,"column":27}},"loc":{"start":{"line":3,"column":52},"end":{"line":25,"column":1}},"line":3}},"branchMap":{"0":{"loc":{"start":{"line":11,"column":8},"end":{"line":13,"column":9}},"type":"if","locations":[{"start":{"line":11,"column":8},"end":{"line":13,"column":9}},{"start":{},"end":{}}],"line":11},"1":{"loc":{"start":{"line":14,"column":8},"end":{"line":19,"column":9}},"type":"if","locations":[{"start":{"line":14,"column":8},"end":{"line":19,"column":9}},{"start":{},"end":{}}],"line":14}},"s":{"0":3,"1":3,"2":0,"3":0,"4":0,"5":0,"6":0,"7":0,"8":0,"9":0,"10":0,"11":0,"12":0,"13":3},"f":{"0":0},"b":{"0":[0,0],"1":[0,0]},"_coverageSchema":"1a1c01bbd47fc00a2c39e90264f33305004495a9","hash":"6192784a814c2d1c2311668e8fc8237840ab5d47"}
,"C:\\bootcamp\\phase 2\\WEEK 3\\SENIN\\ip-rbbysptr\\server\\middleware\\errorHandler.js": {"path":"C:\\bootcamp\\phase 2\\WEEK 3\\SENIN\\ip-rbbysptr\\server\\middleware\\errorHandler.js","statementMap":{"0":{"start":{"line":1,"column":21},"end":{"line":20,"column":1}},"1":{"start":{"line":2,"column":4},"end":{"line":2,"column":62}},"2":{"start":{"line":3,"column":4},"end":{"line":19,"column":5}},"3":{"start":{"line":6,"column":12},"end":{"line":6,"column":78}},"4":{"start":{"line":8,"column":12},"end":{"line":8,"column":70}},"5":{"start":{"line":10,"column":12},"end":{"line":10,"column":64}},"6":{"start":{"line":12,"column":12},"end":{"line":12,"column":64}},"7":{"start":{"line":14,"column":12},"end":{"line":14,"column":64}},"8":{"start":{"line":16,"column":12},"end":{"line":16,"column":64}},"9":{"start":{"line":18,"column":12},"end":{"line":18,"column":78}},"10":{"start":{"line":22,"column":0},"end":{"line":22,"column":30}}},"fnMap":{"0":{"name":"(anonymous_0)","decl":{"start":{"line":1,"column":21},"end":{"line":1,"column":22}},"loc":{"start":{"line":1,"column":54},"end":{"line":20,"column":1}},"line":1}},"branchMap":{"0":{"loc":{"start":{"line":3,"column":4},"end":{"line":19,"column":5}},"type":"switch","locations":[{"start":{"line":4,"column":8},"end":{"line":4,"column":46}},{"start":{"line":5,"column":8},"end":{"line":6,"column":78}},{"start":{"line":7,"column":8},"end":{"line":8,"column":70}},{"start":{"line":9,"column":8},"end":{"line":10,"column":64}},{"start":{"line":11,"column":8},"end":{"line":12,"column":64}},{"start":{"line":13,"column":8},"end":{"line":14,"column":64}},{"start":{"line":15,"column":8},"end":{"line":16,"column":64}},{"start":{"line":17,"column":8},"end":{"line":18,"column":78}}],"line":3}},"s":{"0":3,"1":0,"2":0,"3":0,"4":0,"5":0,"6":0,"7":0,"8":0,"9":0,"10":3},"f":{"0":0},"b":{"0":[0,0,0,0,0,0,0,0]},"_coverageSchema":"1a1c01bbd47fc00a2c39e90264f33305004495a9","hash":"744163099c5ba45ace7a27f6a613aabcc11c9c31"}
,"C:\\bootcamp\\phase 2\\WEEK 3\\SENIN\\ip-rbbysptr\\server\\models\\cart.js": {"path":"C:\\bootcamp\\phase 2\\WEEK 3\\SENIN\\ip-rbbysptr\\server\\models\\cart.js","statementMap":{"0":{"start":{"line":4,"column":4},"end":{"line":4,"column":24}},"1":{"start":{"line":5,"column":0},"end":{"line":48,"column":2}},"2":{"start":{"line":14,"column":6},"end":{"line":14,"column":60}},"3":{"start":{"line":17,"column":2},"end":{"line":46,"column":5}},"4":{"start":{"line":47,"column":2},"end":{"line":47,"column":14}}},"fnMap":{"0":{"name":"(anonymous_0)","decl":{"start":{"line":5,"column":17},"end":{"line":5,"column":18}},"loc":{"start":{"line":5,"column":43},"end":{"line":48,"column":1}},"line":5},"1":{"name":"(anonymous_1)","decl":{"start":{"line":12,"column":4},"end":{"line":12,"column":5}},"loc":{"start":{"line":12,"column":29},"end":{"line":15,"column":5}},"line":12}},"branchMap":{},"s":{"0":3,"1":3,"2":3,"3":3,"4":3},"f":{"0":3,"1":3},"b":{},"_coverageSchema":"1a1c01bbd47fc00a2c39e90264f33305004495a9","hash":"5d4611a1b5927d9e46456fbbf19e07956bcc8f08"}
,"C:\\bootcamp\\phase 2\\WEEK 3\\SENIN\\ip-rbbysptr\\server\\models\\coin.js": {"path":"C:\\bootcamp\\phase 2\\WEEK 3\\SENIN\\ip-rbbysptr\\server\\models\\coin.js","statementMap":{"0":{"start":{"line":4,"column":4},"end":{"line":4,"column":24}},"1":{"start":{"line":6,"column":0},"end":{"line":49,"column":2}},"2":{"start":{"line":15,"column":6},"end":{"line":15,"column":60}},"3":{"start":{"line":18,"column":2},"end":{"line":47,"column":5}},"4":{"start":{"line":48,"column":2},"end":{"line":48,"column":14}}},"fnMap":{"0":{"name":"(anonymous_0)","decl":{"start":{"line":6,"column":17},"end":{"line":6,"column":18}},"loc":{"start":{"line":6,"column":43},"end":{"line":49,"column":1}},"line":6},"1":{"name":"(anonymous_1)","decl":{"start":{"line":13,"column":4},"end":{"line":13,"column":5}},"loc":{"start":{"line":13,"column":29},"end":{"line":16,"column":5}},"line":13}},"branchMap":{},"s":{"0":3,"1":3,"2":3,"3":3,"4":3},"f":{"0":3,"1":3},"b":{},"_coverageSchema":"1a1c01bbd47fc00a2c39e90264f33305004495a9","hash":"79bef381787f488838dd7792c8e531b574dd0c22"}
,"C:\\bootcamp\\phase 2\\WEEK 3\\SENIN\\ip-rbbysptr\\server\\models\\index.js": {"path":"C:\\bootcamp\\phase 2\\WEEK 3\\SENIN\\ip-rbbysptr\\server\\models\\index.js","statementMap":{"0":{"start":{"line":3,"column":11},"end":{"line":3,"column":24}},"1":{"start":{"line":4,"column":13},"end":{"line":4,"column":28}},"2":{"start":{"line":5,"column":18},"end":{"line":5,"column":38}},"3":{"start":{"line":6,"column":16},"end":{"line":6,"column":34}},"4":{"start":{"line":7,"column":17},"end":{"line":7,"column":42}},"5":{"start":{"line":8,"column":12},"end":{"line":8,"column":49}},"6":{"start":{"line":9,"column":15},"end":{"line":9,"column":65}},"7":{"start":{"line":10,"column":11},"end":{"line":10,"column":13}},"8":{"start":{"line":13,"column":0},"end":{"line":17,"column":1}},"9":{"start":{"line":14,"column":2},"end":{"line":14,"column":74}},"10":{"start":{"line":16,"column":2},"end":{"line":16,"column":87}},"11":{"start":{"line":19,"column":0},"end":{"line":32,"column":5}},"12":{"start":{"line":22,"column":4},"end":{"line":27,"column":6}},"13":{"start":{"line":30,"column":18},"end":{"line":30,"column":85}},"14":{"start":{"line":31,"column":4},"end":{"line":31,"column":27}},"15":{"start":{"line":34,"column":0},"end":{"line":38,"column":3}},"16":{"start":{"line":35,"column":2},"end":{"line":37,"column":3}},"17":{"start":{"line":36,"column":4},"end":{"line":36,"column":32}},"18":{"start":{"line":40,"column":0},"end":{"line":40,"column":25}},"19":{"start":{"line":41,"column":0},"end":{"line":41,"column":25}},"20":{"start":{"line":43,"column":0},"end":{"line":43,"column":20}}},"fnMap":{"0":{"name":"(anonymous_0)","decl":{"start":{"line":21,"column":10},"end":{"line":21,"column":11}},"loc":{"start":{"line":21,"column":18},"end":{"line":28,"column":3}},"line":21},"1":{"name":"(anonymous_1)","decl":{"start":{"line":29,"column":11},"end":{"line":29,"column":12}},"loc":{"start":{"line":29,"column":19},"end":{"line":32,"column":3}},"line":29},"2":{"name":"(anonymous_2)","decl":{"start":{"line":34,"column":24},"end":{"line":34,"column":25}},"loc":{"start":{"line":34,"column":37},"end":{"line":38,"column":1}},"line":34}},"branchMap":{"0":{"loc":{"start":{"line":8,"column":12},"end":{"line":8,"column":49}},"type":"binary-expr","locations":[{"start":{"line":8,"column":12},"end":{"line":8,"column":32}},{"start":{"line":8,"column":36},"end":{"line":8,"column":49}}],"line":8},"1":{"loc":{"start":{"line":13,"column":0},"end":{"line":17,"column":1}},"type":"if","locations":[{"start":{"line":13,"column":0},"end":{"line":17,"column":1}},{"start":{"line":15,"column":7},"end":{"line":17,"column":1}}],"line":13},"2":{"loc":{"start":{"line":23,"column":6},"end":{"line":26,"column":37}},"type":"binary-expr","locations":[{"start":{"line":23,"column":6},"end":{"line":23,"column":29}},{"start":{"line":24,"column":6},"end":{"line":24,"column":23}},{"start":{"line":25,"column":6},"end":{"line":25,"column":30}},{"start":{"line":26,"column":6},"end":{"line":26,"column":37}}],"line":23},"3":{"loc":{"start":{"line":35,"column":2},"end":{"line":37,"column":3}},"type":"if","locations":[{"start":{"line":35,"column":2},"end":{"line":37,"column":3}},{"start":{},"end":{}}],"line":35}},"s":{"0":3,"1":3,"2":3,"3":3,"4":3,"5":3,"6":3,"7":3,"8":3,"9":0,"10":3,"11":3,"12":12,"13":9,"14":9,"15":3,"16":9,"17":9,"18":3,"19":3,"20":3},"f":{"0":12,"1":9,"2":9},"b":{"0":[3,0],"1":[0,3],"2":[12,12,9,9],"3":[9,0]},"_coverageSchema":"1a1c01bbd47fc00a2c39e90264f33305004495a9","hash":"ef446c96e39be84438043aad82018e9b01c4938e"}
,"C:\\bootcamp\\phase 2\\WEEK 3\\SENIN\\ip-rbbysptr\\server\\models\\user.js": {"path":"C:\\bootcamp\\phase 2\\WEEK 3\\SENIN\\ip-rbbysptr\\server\\models\\user.js","statementMap":{"0":{"start":{"line":4,"column":4},"end":{"line":4,"column":24}},"1":{"start":{"line":5,"column":25},"end":{"line":5,"column":55}},"2":{"start":{"line":6,"column":0},"end":{"line":72,"column":2}},"3":{"start":{"line":15,"column":6},"end":{"line":15,"column":58}},"4":{"start":{"line":16,"column":6},"end":{"line":16,"column":58}},"5":{"start":{"line":19,"column":2},"end":{"line":70,"column":5}},"6":{"start":{"line":67,"column":8},"end":{"line":67,"column":53}},"7":{"start":{"line":71,"column":2},"end":{"line":71,"column":14}}},"fnMap":{"0":{"name":"(anonymous_0)","decl":{"start":{"line":6,"column":17},"end":{"line":6,"column":18}},"loc":{"start":{"line":6,"column":43},"end":{"line":72,"column":1}},"line":6},"1":{"name":"(anonymous_1)","decl":{"start":{"line":13,"column":4},"end":{"line":13,"column":5}},"loc":{"start":{"line":13,"column":29},"end":{"line":17,"column":5}},"line":13},"2":{"name":"(anonymous_2)","decl":{"start":{"line":66,"column":6},"end":{"line":66,"column":7}},"loc":{"start":{"line":66,"column":26},"end":{"line":68,"column":7}},"line":66}},"branchMap":{},"s":{"0":3,"1":3,"2":3,"3":3,"4":3,"5":3,"6":0,"7":3},"f":{"0":3,"1":3,"2":0},"b":{},"_coverageSchema":"1a1c01bbd47fc00a2c39e90264f33305004495a9","hash":"9e92fb47a7c23750cfe2e55b327e69fce2c2d79a"}
,"C:\\bootcamp\\phase 2\\WEEK 3\\SENIN\\ip-rbbysptr\\server\\router\\cart.js": {"path":"C:\\bootcamp\\phase 2\\WEEK 3\\SENIN\\ip-rbbysptr\\server\\router\\cart.js","statementMap":{"0":{"start":{"line":1,"column":16},"end":{"line":1,"column":34}},"1":{"start":{"line":3,"column":23},"end":{"line":3,"column":53}},"2":{"start":{"line":4,"column":26},"end":{"line":4,"column":69}},"3":{"start":{"line":5,"column":23},"end":{"line":5,"column":62}},"4":{"start":{"line":6,"column":26},"end":{"line":6,"column":69}},"5":{"start":{"line":7,"column":15},"end":{"line":7,"column":31}},"6":{"start":{"line":9,"column":0},"end":{"line":9,"column":44}},"7":{"start":{"line":10,"column":0},"end":{"line":10,"column":52}},"8":{"start":{"line":11,"column":0},"end":{"line":11,"column":69}},"9":{"start":{"line":12,"column":0},"end":{"line":12,"column":93}},"10":{"start":{"line":13,"column":0},"end":{"line":13,"column":96}},"11":{"start":{"line":15,"column":0},"end":{"line":15,"column":24}}},"fnMap":{},"branchMap":{},"s":{"0":3,"1":3,"2":3,"3":3,"4":3,"5":3,"6":3,"7":3,"8":3,"9":3,"10":3,"11":3},"f":{},"b":{},"_coverageSchema":"1a1c01bbd47fc00a2c39e90264f33305004495a9","hash":"19f7f03f33579582d3e561a39f785d35375a4205"}
,"C:\\bootcamp\\phase 2\\WEEK 3\\SENIN\\ip-rbbysptr\\server\\router\\coin.js": {"path":"C:\\bootcamp\\phase 2\\WEEK 3\\SENIN\\ip-rbbysptr\\server\\router\\coin.js","statementMap":{"0":{"start":{"line":1,"column":16},"end":{"line":1,"column":34}},"1":{"start":{"line":2,"column":23},"end":{"line":2,"column":53}},"2":{"start":{"line":3,"column":23},"end":{"line":3,"column":62}},"3":{"start":{"line":4,"column":26},"end":{"line":4,"column":69}},"4":{"start":{"line":5,"column":22},"end":{"line":5,"column":60}},"5":{"start":{"line":7,"column":15},"end":{"line":7,"column":31}},"6":{"start":{"line":8,"column":0},"end":{"line":8,"column":59}},"7":{"start":{"line":9,"column":0},"end":{"line":9,"column":68}},"8":{"start":{"line":10,"column":0},"end":{"line":10,"column":94}},"9":{"start":{"line":12,"column":0},"end":{"line":12,"column":24}}},"fnMap":{},"branchMap":{},"s":{"0":3,"1":3,"2":3,"3":3,"4":3,"5":3,"6":3,"7":3,"8":3,"9":3},"f":{},"b":{},"_coverageSchema":"1a1c01bbd47fc00a2c39e90264f33305004495a9","hash":"d4f3288309b123023dcb0d9c444e434f656bb442"}
,"C:\\bootcamp\\phase 2\\WEEK 3\\SENIN\\ip-rbbysptr\\server\\router\\index.js": {"path":"C:\\bootcamp\\phase 2\\WEEK 3\\SENIN\\ip-rbbysptr\\server\\router\\index.js","statementMap":{"0":{"start":{"line":1,"column":16},"end":{"line":1,"column":34}},"1":{"start":{"line":2,"column":15},"end":{"line":2,"column":31}},"2":{"start":{"line":3,"column":19},"end":{"line":3,"column":36}},"3":{"start":{"line":4,"column":19},"end":{"line":4,"column":36}},"4":{"start":{"line":5,"column":19},"end":{"line":5,"column":36}},"5":{"start":{"line":6,"column":21},"end":{"line":6,"column":58}},"6":{"start":{"line":9,"column":0},"end":{"line":11,"column":3}},"7":{"start":{"line":10,"column":4},"end":{"line":10,"column":33}},"8":{"start":{"line":12,"column":0},"end":{"line":12,"column":23}},"9":{"start":{"line":13,"column":0},"end":{"line":13,"column":23}},"10":{"start":{"line":14,"column":0},"end":{"line":14,"column":23}},"11":{"start":{"line":15,"column":0},"end":{"line":15,"column":25}},"12":{"start":{"line":17,"column":0},"end":{"line":17,"column":24}}},"fnMap":{"0":{"name":"(anonymous_0)","decl":{"start":{"line":9,"column":16},"end":{"line":9,"column":17}},"loc":{"start":{"line":9,"column":30},"end":{"line":11,"column":1}},"line":9}},"branchMap":{},"s":{"0":3,"1":3,"2":3,"3":3,"4":3,"5":3,"6":3,"7":0,"8":3,"9":3,"10":3,"11":3,"12":3},"f":{"0":0},"b":{},"_coverageSchema":"1a1c01bbd47fc00a2c39e90264f33305004495a9","hash":"ca587c3591c5814964586e1f0f3ea207ec773309"}
,"C:\\bootcamp\\phase 2\\WEEK 3\\SENIN\\ip-rbbysptr\\server\\router\\user.js": {"path":"C:\\bootcamp\\phase 2\\WEEK 3\\SENIN\\ip-rbbysptr\\server\\router\\user.js","statementMap":{"0":{"start":{"line":1,"column":16},"end":{"line":1,"column":34}},"1":{"start":{"line":2,"column":23},"end":{"line":2,"column":53}},"2":{"start":{"line":4,"column":15},"end":{"line":4,"column":31}},"3":{"start":{"line":6,"column":0},"end":{"line":6,"column":50}},"4":{"start":{"line":7,"column":0},"end":{"line":7,"column":44}},"5":{"start":{"line":8,"column":0},"end":{"line":8,"column":57}},"6":{"start":{"line":9,"column":0},"end":{"line":9,"column":56}},"7":{"start":{"line":11,"column":0},"end":{"line":11,"column":24}}},"fnMap":{},"branchMap":{},"s":{"0":3,"1":3,"2":3,"3":3,"4":3,"5":3,"6":3,"7":3},"f":{},"b":{},"_coverageSchema":"1a1c01bbd47fc00a2c39e90264f33305004495a9","hash":"746541c155da54fae2a172a9861aecf485a93116"}
}
